INFO: [HLS 200-10] Running '/tools/Xilinx/Vivado/2019.2/bin/unwrapped/lnx64.o/vivado_hls'
INFO: [HLS 200-10] For user 'chrispy' on host 'chrispy-desktop' (Linux_x86_64 version 5.8.0-44-generic) on Wed Mar 17 00:23:26 EDT 2021
INFO: [HLS 200-10] On os Ubuntu 20.04.2 LTS
INFO: [HLS 200-10] In directory '/home/chrispy/workspace/FPRock_CmodA735t'
Sourcing Tcl script '/home/chrispy/workspace/FPRock_CmodA735t/BME280_CompAccellerator/solution1/export.tcl'
INFO: [HLS 200-10] Opening project '/home/chrispy/workspace/FPRock_CmodA735t/BME280_CompAccellerator'.
INFO: [HLS 200-10] Opening solution '/home/chrispy/workspace/FPRock_CmodA735t/BME280_CompAccellerator/solution1'.
INFO: [SYN 201-201] Setting up clock 'default' with a period of 10ns.
INFO: [HLS 200-10] Setting target device to 'xc7a35t-cpg236-1'
INFO: [IMPL 213-8] Exporting RTL as a Vivado IP.

****** Vivado v2019.2 (64-bit)
  **** SW Build 2708876 on Wed Nov  6 21:39:14 MST 2019
  **** IP Build 2700528 on Thu Nov  7 00:09:20 MST 2019
    ** Copyright 1986-2019 Xilinx, Inc. All Rights Reserved.

source run_ippack.tcl -notrace
INFO: [IP_Flow 19-234] Refreshing IP repositories
INFO: [IP_Flow 19-1704] No user IP repositories specified
INFO: [IP_Flow 19-2313] Loaded Vivado IP repository '/tools/Xilinx/Vivado/2019.2/data/ip'.
WARNING: [IP_Flow 19-4832] The IP name 'compensator_ap_ddiv_29_no_dsp_64' you have specified is long. The Windows operating system has path length limitations. It is recommended you use shorter names to reduce the likelihood of issues.
INFO: [IP_Flow 19-1686] Generating 'Synthesis' target for IP 'compensator_ap_ddiv_29_no_dsp_64'...
INFO: [IP_Flow 19-1686] Generating 'Simulation' target for IP 'compensator_ap_ddiv_29_no_dsp_64'...
WARNING: [IP_Flow 19-4832] The IP name 'compensator_ap_dmul_4_max_dsp_64' you have specified is long. The Windows operating system has path length limitations. It is recommended you use shorter names to reduce the likelihood of issues.
INFO: [IP_Flow 19-1686] Generating 'Synthesis' target for IP 'compensator_ap_dmul_4_max_dsp_64'...
INFO: [IP_Flow 19-1686] Generating 'Simulation' target for IP 'compensator_ap_dmul_4_max_dsp_64'...
WARNING: [IP_Flow 19-4832] The IP name 'compensator_ap_fptrunc_0_no_dsp_64' you have specified is long. The Windows operating system has path length limitations. It is recommended you use shorter names to reduce the likelihood of issues.
INFO: [IP_Flow 19-1686] Generating 'Synthesis' target for IP 'compensator_ap_fptrunc_0_no_dsp_64'...
INFO: [IP_Flow 19-1686] Generating 'Simulation' target for IP 'compensator_ap_fptrunc_0_no_dsp_64'...
WARNING: [IP_Flow 19-4832] The IP name 'compensator_ap_sitodp_4_no_dsp_32' you have specified is long. The Windows operating system has path length limitations. It is recommended you use shorter names to reduce the likelihood of issues.
INFO: [IP_Flow 19-1686] Generating 'Synthesis' target for IP 'compensator_ap_sitodp_4_no_dsp_32'...
INFO: [IP_Flow 19-1686] Generating 'Simulation' target for IP 'compensator_ap_sitodp_4_no_dsp_32'...
WARNING: [IP_Flow 19-4832] The IP name 'compensator_ap_sitodp_4_no_dsp_64' you have specified is long. The Windows operating system has path length limitations. It is recommended you use shorter names to reduce the likelihood of issues.
INFO: [IP_Flow 19-1686] Generating 'Synthesis' target for IP 'compensator_ap_sitodp_4_no_dsp_64'...
INFO: [IP_Flow 19-1686] Generating 'Simulation' target for IP 'compensator_ap_sitodp_4_no_dsp_64'...
INFO: [IP_Flow 19-234] Refreshing IP repositories
INFO: [IP_Flow 19-1704] No user IP repositories specified
INFO: [IP_Flow 19-2313] Loaded Vivado IP repository '/tools/Xilinx/Vivado/2019.2/data/ip'.
INFO: [Common 17-206] Exiting Vivado at Wed Mar 17 00:23:46 2021...
